Using pre-set license
Built from '2020.3/release' branch; Version is '2020.3.12f1 (b3b2c6512326) revision 11776710'; Using compiler version '192528614'; Build Type 'Release'
OS: 'Windows 10 Enterprise; OS build 19044.1415; Version 2009; 64bit' Language: 'en' Physical Memory: 32544 MB
BatchMode: 1, IsHumanControllingUs: 0, StartBugReporterOnCrash: 0, Is64bit: 1, IsPro: 0

 COMMAND LINE ARGUMENTS:
C:\Program Files\Unity\Hub\Editor\2020.3.14f1\Editor\Unity.exe
-adb2
-batchMode
-noUpm
-name
AssetImportWorker0
-projectPath
C:/Users/a1/Desktop/New folder (2)/IA/IA_Project
-logFile
Logs/AssetImportWorker0.log
-srvPort
52920
Successfully changed project path to: C:/Users/a1/Desktop/New folder (2)/IA/IA_Project
C:/Users/a1/Desktop/New folder (2)/IA/IA_Project
Using Asset Import Pipeline V2.
Refreshing native plugins compatible for Editor in 23.86 ms, found 2 plugins.
Preloading 0 native plugins for Editor in 0.00 ms.
Initialize engine version: 2020.3.12f1 (b3b2c6512326)
[Subsystems] Discovering subsystems at path C:/Program Files/Unity/Hub/Editor/2020.3.14f1/Editor/Data/Resources/UnitySubsystems
[Subsystems] Discovering subsystems at path C:/Users/a1/Desktop/New folder (2)/IA/IA_Project/Assets
GfxDevice: creating device client; threaded=0
Direct3D:
    Version:  Direct3D 11.0 [level 11.1]
    Renderer: NVIDIA GeForce RTX 2060 SUPER (ID=0x1f06)
    Vendor:   
    VRAM:     8031 MB
    Driver:   30.0.14.7208
Initialize mono
Mono path[0] = 'C:/Program Files/Unity/Hub/Editor/2020.3.14f1/Editor/Data/Managed'
Mono path[1] = 'C:/Program Files/Unity/Hub/Editor/2020.3.14f1/Editor/Data/MonoBleedingEdge/lib/mono/unityjit'
Mono config path = 'C:/Program Files/Unity/Hub/Editor/2020.3.14f1/Editor/Data/MonoBleedingEdge/etc'
Using monoOptions --debugger-agent=transport=dt_socket,embedding=1,server=y,suspend=n,address=127.0.0.1:56272
Begin MonoManager ReloadAssembly
Registering precompiled unity dll's ...
Register platform support module: C:/Program Files/Unity/Hub/Editor/2020.3.14f1/Editor/Data/PlaybackEngines/WindowsStandaloneSupport/UnityEditor.WindowsStandalone.Extensions.dll
Registered in 0.001657 seconds.
Native extension for WindowsStandalone target not found
Refreshing native plugins compatible for Editor in 22.81 ms, found 2 plugins.
Preloading 0 native plugins for Editor in 0.00 ms.
Mono: successfully reloaded assembly
- Completed reload, in  0.772 seconds
Platform modules already initialized, skipping
Registering precompiled user dll's ...
Registered in 0.003681 seconds.
Begin MonoManager ReloadAssembly
Native extension for WindowsStandalone target not found
Refreshing native plugins compatible for Editor in 0.32 ms, found 2 plugins.
Preloading 0 native plugins for Editor in 0.00 ms.
Mono: successfully reloaded assembly
- Completed reload, in  0.798 seconds
Platform modules already initialized, skipping
========================================================================
Worker process is ready to serve import requests
Launched and connected shader compiler UnityShaderCompiler.exe after 0.03 seconds
Refreshing native plugins compatible for Editor in 0.32 ms, found 2 plugins.
Preloading 0 native plugins for Editor in 0.00 ms.
Unloading 1368 Unused Serialized files (Serialized files now loaded: 0)
System memory in use before: 64.5 MB.
System memory in use after: 64.5 MB.

Unloading 22 unused Assets to reduce memory usage. Loaded Objects now: 1804.
Total: 1.483500 ms (FindLiveObjects: 0.131900 ms CreateObjectMapping: 0.038700 ms MarkObjects: 1.254600 ms  DeleteObjects: 0.057600 ms)

AssetImportParameters requested are different than current active one (requested -> active):
  custom:framework-win-MediaFoundation: 216162199b28c13a410421893ffa2e32 -> 
  custom:video-decoder-ogg-theora: a1e56fd34408186e4bbccfd4996cb3dc -> 
  custom:container-muxer-webm: aa71ff27fc2769a1b78a27578f13a17b -> 
  custom:container-demuxer-webm: 4f35f7cbe854078d1ac9338744f61a02 -> 
  custom:container-demuxer-ogg: 62fdf1f143b41e24485cea50d1cbac27 -> 
  custom:video-encoder-webm-vp8: eb34c28f22e8b96e1ab97ce403110664 -> 
  custom:video-decoder-webm-vp8: 9c59270c3fd7afecdb556c50c9e8de78 -> 
  custom:audio-decoder-ogg-vorbis: bf7c407c2cedff20999df2af8eb42d56 -> 
  custom:audio-encoder-webm-vorbis: bf7c407c2cedff20999df2af8eb42d56 -> 
========================================================================
Received Import Request.
  path: Assets/Level/Scenes/Guest.unity
  artifactKey: Guid(fc912bbf57b4b7a4ab9608be928ce705) Importer(815301076,1909f56bfc062723c751e8b465ee728b)
Start importing Assets/Level/Scenes/Guest.unity using Guid(fc912bbf57b4b7a4ab9608be928ce705) Importer(815301076,1909f56bfc062723c751e8b465ee728b)  -> (artifact id: 'bd873ecd6c7058878e7b43613fff2496') in 0.008666 seconds 
  Import took 0.010296 seconds .

========================================================================
Received Import Request.
  Time since last request: 0.000139 seconds.
  path: Assets/Level/Scenes/MainMenu.unity
  artifactKey: Guid(bf73d18e4f6ec7844b2130f351841634) Importer(815301076,1909f56bfc062723c751e8b465ee728b)
Start importing Assets/Level/Scenes/MainMenu.unity using Guid(bf73d18e4f6ec7844b2130f351841634) Importer(815301076,1909f56bfc062723c751e8b465ee728b)  -> (artifact id: '76fed5052216dc17c9608d08d91aecb4') in 0.001231 seconds 
  Import took 0.002546 seconds .

========================================================================
Received Import Request.
  Time since last request: 0.000090 seconds.
  path: Assets/Level/Scenes/RoomEnter.unity
  artifactKey: Guid(0fe4fc7f2f19a144b9ed8c6165c46a50) Importer(815301076,1909f56bfc062723c751e8b465ee728b)
Start importing Assets/Level/Scenes/RoomEnter.unity using Guid(0fe4fc7f2f19a144b9ed8c6165c46a50) Importer(815301076,1909f56bfc062723c751e8b465ee728b)  -> (artifact id: '330eaebea9ca13062076f9cbb56c44d2') in 0.001262 seconds 
  Import took 0.002589 seconds .

========================================================================
Received Import Request.
  Time since last request: 63.202741 seconds.
  path: Assets/Animation/JoinAsHost_Button.controller
  artifactKey: Guid(e59baed5ca81a9144880fc1420a37d66) Importer(815301076,1909f56bfc062723c751e8b465ee728b)
Start importing Assets/Animation/JoinAsHost_Button.controller using Guid(e59baed5ca81a9144880fc1420a37d66) Importer(815301076,1909f56bfc062723c751e8b465ee728b)  -> (artifact id: '1e4fc97f788b8aac615b7679f4eccd6b') in 0.017839 seconds 
  Import took 0.020018 seconds .

========================================================================
Received Import Request.
  Time since last request: 39.496154 seconds.
  path: Assets/Animation/HoverOff(GuestButton).anim
  artifactKey: Guid(727803d4c7699a648a46194a5ec75e86) Importer(815301076,1909f56bfc062723c751e8b465ee728b)
Start importing Assets/Animation/HoverOff(GuestButton).anim using Guid(727803d4c7699a648a46194a5ec75e86) Importer(815301076,1909f56bfc062723c751e8b465ee728b)  -> (artifact id: '854cd9db118991dfd23b711263ba6ec4') in 0.003527 seconds 
  Import took 0.005433 seconds .

========================================================================
Received Import Request.
  Time since last request: 0.003496 seconds.
  path: Assets/Animation/HoverOff(GuestButton).anim
  artifactKey: Guid(727803d4c7699a648a46194a5ec75e86) Importer(815301076,1909f56bfc062723c751e8b465ee728b)
Start importing Assets/Animation/HoverOff(GuestButton).anim using Guid(727803d4c7699a648a46194a5ec75e86) Importer(815301076,1909f56bfc062723c751e8b465ee728b)  -> (artifact id: '854cd9db118991dfd23b711263ba6ec4') in 0.002147 seconds 
  Import took 0.003910 seconds .

========================================================================
Received Import Request.
  Time since last request: 19.811095 seconds.
  path: Assets/Animation/HoverOn(GuestButton).anim
  artifactKey: Guid(e084bddcf9f123245a399d20392baae8) Importer(815301076,1909f56bfc062723c751e8b465ee728b)
Start importing Assets/Animation/HoverOn(GuestButton).anim using Guid(e084bddcf9f123245a399d20392baae8) Importer(815301076,1909f56bfc062723c751e8b465ee728b)  -> (artifact id: '31f8062fbceabfa838e0d38b8381179e') in 0.002744 seconds 
  Import took 0.004745 seconds .

========================================================================
Received Import Request.
  Time since last request: 0.324100 seconds.
  path: Assets/Animation/HoverOff.anim
  artifactKey: Guid(c6ad892917588814185361512b99dfb9) Importer(815301076,1909f56bfc062723c751e8b465ee728b)
Start importing Assets/Animation/HoverOff.anim using Guid(c6ad892917588814185361512b99dfb9) Importer(815301076,1909f56bfc062723c751e8b465ee728b)  -> (artifact id: '846d2e73cd242db6eab50bcdb07aac43') in 0.002313 seconds 
  Import took 0.004071 seconds .

========================================================================
Received Import Request.
  Time since last request: 37.525534 seconds.
  path: Assets/Animation/JoinAsHost_Button.controller
  artifactKey: Guid(e59baed5ca81a9144880fc1420a37d66) Importer(815301076,1909f56bfc062723c751e8b465ee728b)
Start importing Assets/Animation/JoinAsHost_Button.controller using Guid(e59baed5ca81a9144880fc1420a37d66) Importer(815301076,1909f56bfc062723c751e8b465ee728b)  -> (artifact id: 'da4a4bf6762359e46926de2d3aeb0858') in 0.001992 seconds 
  Import took 0.003824 seconds .

========================================================================
Received Import Request.
  Time since last request: 45.800605 seconds.
  path: Assets/Animation/HoverOn.anim
  artifactKey: Guid(465af7ec348526746bfe2ba4dae445af) Importer(815301076,1909f56bfc062723c751e8b465ee728b)
Start importing Assets/Animation/HoverOn.anim using Guid(465af7ec348526746bfe2ba4dae445af) Importer(815301076,1909f56bfc062723c751e8b465ee728b)  -> (artifact id: 'b7cbb2d22084d7f68d61626146ac68db') in 0.002297 seconds 
  Import took 0.004200 seconds .

========================================================================
Received Prepare
Registering precompiled user dll's ...
Registered in 0.003578 seconds.
Begin MonoManager ReloadAssembly
Native extension for WindowsStandalone target not found
Refreshing native plugins compatible for Editor in 0.30 ms, found 2 plugins.
Preloading 0 native plugins for Editor in 0.00 ms.
Mono: successfully reloaded assembly
- Completed reload, in  0.716 seconds
Platform modules already initialized, skipping
Switching build target platform(19) subTarget(0) extendedPlatform(0) -> platform(13) subTarget(537395200) extendedPlatform(0)
Refreshing native plugins compatible for Editor in 0.26 ms, found 2 plugins.
Preloading 0 native plugins for Editor in 0.00 ms.
Unloading 1366 Unused Serialized files (Serialized files now loaded: 0)
System memory in use before: 64.4 MB.
System memory in use after: 64.5 MB.

Unloading 17 unused Assets to reduce memory usage. Loaded Objects now: 1806.
Total: 1.430200 ms (FindLiveObjects: 0.125200 ms CreateObjectMapping: 0.039100 ms MarkObjects: 1.228400 ms  DeleteObjects: 0.036900 ms)

AssetImportParameters requested are different than current active one (requested -> active):
  custom:framework-win-MediaFoundation: 216162199b28c13a410421893ffa2e32 -> 
  custom:video-decoder-ogg-theora: a1e56fd34408186e4bbccfd4996cb3dc -> 
  custom:container-muxer-webm: aa71ff27fc2769a1b78a27578f13a17b -> 
  custom:container-demuxer-webm: 4f35f7cbe854078d1ac9338744f61a02 -> 
  custom:container-demuxer-ogg: 62fdf1f143b41e24485cea50d1cbac27 -> 
  custom:video-encoder-webm-vp8: eb34c28f22e8b96e1ab97ce403110664 -> 
  custom:video-decoder-webm-vp8: 9c59270c3fd7afecdb556c50c9e8de78 -> 
  custom:graphics/normal-map-encoding: 01000000000000000000000000000000 -> 02000000000000000000000000000000
  custom:audio-decoder-ogg-vorbis: bf7c407c2cedff20999df2af8eb42d56 -> 
  custom:audio-encoder-webm-vorbis: bf7c407c2cedff20999df2af8eb42d56 -> 
========================================================================
Received Import Request.
  Time since last request: 255.658785 seconds.
  path: Assets/Animation/JoinAsHost_Button.controller
  artifactKey: Guid(e59baed5ca81a9144880fc1420a37d66) Importer(815301076,1909f56bfc062723c751e8b465ee728b)
Start importing Assets/Animation/JoinAsHost_Button.controller using Guid(e59baed5ca81a9144880fc1420a37d66) Importer(815301076,1909f56bfc062723c751e8b465ee728b)  -> (artifact id: '4bf728785c314085b4772cd7baeeb3e2') in 0.011396 seconds 
  Import took 0.014114 seconds .

========================================================================
Received Prepare
Registering precompiled user dll's ...
Registered in 0.003663 seconds.
Begin MonoManager ReloadAssembly
Native extension for WindowsStandalone target not found
Refreshing native plugins compatible for Editor in 0.30 ms, found 2 plugins.
Preloading 0 native plugins for Editor in 0.00 ms.
Mono: successfully reloaded assembly
- Completed reload, in  0.736 seconds
Platform modules already initialized, skipping
Switching build target platform(19) subTarget(0) extendedPlatform(0) -> platform(13) subTarget(537395200) extendedPlatform(0)
Refreshing native plugins compatible for Editor in 0.39 ms, found 2 plugins.
Preloading 0 native plugins for Editor in 0.00 ms.
Unloading 1366 Unused Serialized files (Serialized files now loaded: 0)
System memory in use before: 64.4 MB.
System memory in use after: 64.5 MB.

Unloading 17 unused Assets to reduce memory usage. Loaded Objects now: 1808.
Total: 1.709700 ms (FindLiveObjects: 0.155500 ms CreateObjectMapping: 0.095300 ms MarkObjects: 1.417700 ms  DeleteObjects: 0.040500 ms)

AssetImportParameters requested are different than current active one (requested -> active):
  custom:framework-win-MediaFoundation: 216162199b28c13a410421893ffa2e32 -> 
  custom:video-decoder-ogg-theora: a1e56fd34408186e4bbccfd4996cb3dc -> 
  custom:container-muxer-webm: aa71ff27fc2769a1b78a27578f13a17b -> 
  custom:container-demuxer-webm: 4f35f7cbe854078d1ac9338744f61a02 -> 
  custom:container-demuxer-ogg: 62fdf1f143b41e24485cea50d1cbac27 -> 
  custom:video-encoder-webm-vp8: eb34c28f22e8b96e1ab97ce403110664 -> 
  custom:video-decoder-webm-vp8: 9c59270c3fd7afecdb556c50c9e8de78 -> 
  custom:graphics/normal-map-encoding: 01000000000000000000000000000000 -> 02000000000000000000000000000000
  custom:audio-decoder-ogg-vorbis: bf7c407c2cedff20999df2af8eb42d56 -> 
  custom:audio-encoder-webm-vorbis: bf7c407c2cedff20999df2af8eb42d56 -> 
========================================================================
Received Prepare
Registering precompiled user dll's ...
Registered in 0.003767 seconds.
Begin MonoManager ReloadAssembly
Native extension for WindowsStandalone target not found
Refreshing native plugins compatible for Editor in 0.30 ms, found 2 plugins.
Preloading 0 native plugins for Editor in 0.00 ms.
Mono: successfully reloaded assembly
- Completed reload, in  0.720 seconds
Platform modules already initialized, skipping
Switching build target platform(19) subTarget(0) extendedPlatform(0) -> platform(13) subTarget(537395200) extendedPlatform(0)
Refreshing native plugins compatible for Editor in 0.39 ms, found 2 plugins.
Preloading 0 native plugins for Editor in 0.00 ms.
Unloading 1366 Unused Serialized files (Serialized files now loaded: 0)
System memory in use before: 64.5 MB.
System memory in use after: 64.5 MB.

Unloading 17 unused Assets to reduce memory usage. Loaded Objects now: 1810.
Total: 2.201000 ms (FindLiveObjects: 0.186600 ms CreateObjectMapping: 0.039100 ms MarkObjects: 1.890300 ms  DeleteObjects: 0.084200 ms)

AssetImportParameters requested are different than current active one (requested -> active):
  custom:framework-win-MediaFoundation: 216162199b28c13a410421893ffa2e32 -> 
  custom:video-decoder-ogg-theora: a1e56fd34408186e4bbccfd4996cb3dc -> 
  custom:container-muxer-webm: aa71ff27fc2769a1b78a27578f13a17b -> 
  custom:container-demuxer-webm: 4f35f7cbe854078d1ac9338744f61a02 -> 
  custom:container-demuxer-ogg: 62fdf1f143b41e24485cea50d1cbac27 -> 
  custom:video-encoder-webm-vp8: eb34c28f22e8b96e1ab97ce403110664 -> 
  custom:video-decoder-webm-vp8: 9c59270c3fd7afecdb556c50c9e8de78 -> 
  custom:graphics/normal-map-encoding: 01000000000000000000000000000000 -> 02000000000000000000000000000000
  custom:audio-decoder-ogg-vorbis: bf7c407c2cedff20999df2af8eb42d56 -> 
  custom:audio-encoder-webm-vorbis: bf7c407c2cedff20999df2af8eb42d56 -> 
========================================================================
Received Import Request.
  Time since last request: 241.035976 seconds.
  path: Assets/Level/Scenes/Host.unity
  artifactKey: Guid(ee1983ccd5f33d944adf7c85d0407e47) Importer(815301076,1909f56bfc062723c751e8b465ee728b)
Start importing Assets/Level/Scenes/Host.unity using Guid(ee1983ccd5f33d944adf7c85d0407e47) Importer(815301076,1909f56bfc062723c751e8b465ee728b)  -> (artifact id: '9595696b7b9098f577e43fb44fb9e30b') in 0.009075 seconds 
  Import took 0.010937 seconds .

========================================================================
Received Import Request.
  Time since last request: 2.008816 seconds.
  path: Assets/Level/Scenes/MainMenu.unity
  artifactKey: Guid(bf73d18e4f6ec7844b2130f351841634) Importer(815301076,1909f56bfc062723c751e8b465ee728b)
Start importing Assets/Level/Scenes/MainMenu.unity using Guid(bf73d18e4f6ec7844b2130f351841634) Importer(815301076,1909f56bfc062723c751e8b465ee728b)  -> (artifact id: 'd039e200e76e880463aa03e8562bf1ca') in 0.001746 seconds 
  Import took 0.003470 seconds .

========================================================================
Received Import Request.
  Time since last request: 94.640584 seconds.
  path: Assets/Art/Images/Backgrounds/Background1.png
  artifactKey: Guid(059d9d3875305924c8af2ae35f523c09) Importer(815301076,1909f56bfc062723c751e8b465ee728b)
Start importing Assets/Art/Images/Backgrounds/Background1.png using Guid(059d9d3875305924c8af2ae35f523c09) Importer(815301076,1909f56bfc062723c751e8b465ee728b)  -> (artifact id: '23d4773bf66566cca705349ec6f39659') in 0.090514 seconds 
  Import took 0.092738 seconds .

========================================================================
Received Prepare
Registering precompiled user dll's ...
Registered in 0.003716 seconds.
Begin MonoManager ReloadAssembly
Native extension for WindowsStandalone target not found
Refreshing native plugins compatible for Editor in 0.30 ms, found 2 plugins.
Preloading 0 native plugins for Editor in 0.00 ms.
Mono: successfully reloaded assembly
- Completed reload, in  0.735 seconds
Platform modules already initialized, skipping
Switching build target platform(19) subTarget(0) extendedPlatform(0) -> platform(13) subTarget(537395200) extendedPlatform(0)
Refreshing native plugins compatible for Editor in 0.34 ms, found 2 plugins.
Preloading 0 native plugins for Editor in 0.00 ms.
Unloading 1366 Unused Serialized files (Serialized files now loaded: 0)
System memory in use before: 67.5 MB.
System memory in use after: 67.6 MB.

Unloading 17 unused Assets to reduce memory usage. Loaded Objects now: 1818.
Total: 1.673500 ms (FindLiveObjects: 0.155200 ms CreateObjectMapping: 0.041000 ms MarkObjects: 1.432700 ms  DeleteObjects: 0.043800 ms)

AssetImportParameters requested are different than current active one (requested -> active):
  custom:framework-win-MediaFoundation: 216162199b28c13a410421893ffa2e32 -> 
  custom:video-decoder-ogg-theora: a1e56fd34408186e4bbccfd4996cb3dc -> 
  custom:container-muxer-webm: aa71ff27fc2769a1b78a27578f13a17b -> 
  custom:container-demuxer-webm: 4f35f7cbe854078d1ac9338744f61a02 -> 
  custom:container-demuxer-ogg: 62fdf1f143b41e24485cea50d1cbac27 -> 
  custom:video-encoder-webm-vp8: eb34c28f22e8b96e1ab97ce403110664 -> 
  custom:video-decoder-webm-vp8: 9c59270c3fd7afecdb556c50c9e8de78 -> 
  custom:graphics/normal-map-encoding: 01000000000000000000000000000000 -> 02000000000000000000000000000000
  custom:audio-decoder-ogg-vorbis: bf7c407c2cedff20999df2af8eb42d56 -> 
  custom:audio-encoder-webm-vorbis: bf7c407c2cedff20999df2af8eb42d56 -> 
========================================================================
Received Import Request.
  Time since last request: 66.406236 seconds.
  path: Assets/Font/Primo.asset
  artifactKey: Guid(f0b86c69e1e626a4b93f43f94ad02035) Importer(815301076,1909f56bfc062723c751e8b465ee728b)
Start importing Assets/Font/Primo.asset using Guid(f0b86c69e1e626a4b93f43f94ad02035) Importer(815301076,1909f56bfc062723c751e8b465ee728b)  -> (artifact id: '4c85712d7931c30035763754cb1e85de') in 0.262167 seconds 
  Import took 0.264906 seconds .

========================================================================
Received Import Request.
  Time since last request: 6.454490 seconds.
  path: Assets/Font/Montserrat_Regular.asset
  artifactKey: Guid(3ab8f94a8e4dd744c99c73fedd26f8f8) Importer(815301076,1909f56bfc062723c751e8b465ee728b)
Start importing Assets/Font/Montserrat_Regular.asset using Guid(3ab8f94a8e4dd744c99c73fedd26f8f8) Importer(815301076,1909f56bfc062723c751e8b465ee728b)  -> (artifact id: '5e41b9cc28c22111089abd56cb9c97d0') in 0.021734 seconds 
  Import took 0.023739 seconds .

========================================================================
Received Import Request.
  Time since last request: 323.216940 seconds.
  path: Assets/Level/Scenes/Guest.unity
  artifactKey: Guid(fc912bbf57b4b7a4ab9608be928ce705) Importer(815301076,1909f56bfc062723c751e8b465ee728b)
Start importing Assets/Level/Scenes/Guest.unity using Guid(fc912bbf57b4b7a4ab9608be928ce705) Importer(815301076,1909f56bfc062723c751e8b465ee728b)  -> (artifact id: 'b2e8625105abf1ff1c6ddb548b77d669') in 0.002440 seconds 
  Import took 0.004663 seconds .

========================================================================
Received Import Request.
  Time since last request: 4.235472 seconds.
  path: Assets/Level/Scenes/Score.unity
  artifactKey: Guid(0ddccd02bd2ac3442ad9f1594e7eb7f4) Importer(815301076,1909f56bfc062723c751e8b465ee728b)
Start importing Assets/Level/Scenes/Score.unity using Guid(0ddccd02bd2ac3442ad9f1594e7eb7f4) Importer(815301076,1909f56bfc062723c751e8b465ee728b)  -> (artifact id: '7ae13ba64a391de91e4476c660d275a1') in 0.002113 seconds 
  Import took 0.004027 seconds .

========================================================================
Received Import Request.
  Time since last request: 77.188084 seconds.
  path: Assets/Level/Scenes/Host.unity
  artifactKey: Guid(ee1983ccd5f33d944adf7c85d0407e47) Importer(815301076,1909f56bfc062723c751e8b465ee728b)
Start importing Assets/Level/Scenes/Host.unity using Guid(ee1983ccd5f33d944adf7c85d0407e47) Importer(815301076,1909f56bfc062723c751e8b465ee728b)  -> (artifact id: '07bf7fa19f5fbb451a3f315ab77afb77') in 0.002128 seconds 
  Import took 0.004020 seconds .

========================================================================
Received Import Request.
  Time since last request: 0.674587 seconds.
  path: Assets/Level/Scenes/MainMenu.unity
  artifactKey: Guid(bf73d18e4f6ec7844b2130f351841634) Importer(815301076,1909f56bfc062723c751e8b465ee728b)
Start importing Assets/Level/Scenes/MainMenu.unity using Guid(bf73d18e4f6ec7844b2130f351841634) Importer(815301076,1909f56bfc062723c751e8b465ee728b)  -> (artifact id: 'b4ac644dae2fc83ae0b54afb3598532f') in 0.001778 seconds 
  Import took 0.003580 seconds .

========================================================================
Received Import Request.
  Time since last request: 103.834202 seconds.
  path: Assets/Level/Scenes/Host.unity
  artifactKey: Guid(ee1983ccd5f33d944adf7c85d0407e47) Importer(815301076,1909f56bfc062723c751e8b465ee728b)
Start importing Assets/Level/Scenes/Host.unity using Guid(ee1983ccd5f33d944adf7c85d0407e47) Importer(815301076,1909f56bfc062723c751e8b465ee728b)  -> (artifact id: 'b7a4465770792f42e9f880e81c4ac751') in 0.001777 seconds 
  Import took 0.003854 seconds .

========================================================================
Received Import Request.
  Time since last request: 91.997797 seconds.
  path: Assets/Level/Scenes/MainMenu.unity
  artifactKey: Guid(bf73d18e4f6ec7844b2130f351841634) Importer(815301076,1909f56bfc062723c751e8b465ee728b)
Start importing Assets/Level/Scenes/MainMenu.unity using Guid(bf73d18e4f6ec7844b2130f351841634) Importer(815301076,1909f56bfc062723c751e8b465ee728b)  -> (artifact id: '82f0fdbc3d139a62f9370952d3545d10') in 0.001825 seconds 
  Import took 0.003890 seconds .

========================================================================
Received Import Request.
  Time since last request: 103.508352 seconds.
  path: Assets/Scripts/SystemModules/SceneLoader.cs
  artifactKey: Guid(c77ffb650ed47c745b6eb115dde4c275) Importer(815301076,1909f56bfc062723c751e8b465ee728b)
Start importing Assets/Scripts/SystemModules/SceneLoader.cs using Guid(c77ffb650ed47c745b6eb115dde4c275) Importer(815301076,1909f56bfc062723c751e8b465ee728b)  -> (artifact id: '8bfcf8077f74998809133ccefc82dc59') in 0.003820 seconds 
  Import took 0.005990 seconds .

========================================================================
Received Import Request.
  Time since last request: 0.023621 seconds.
  path: Assets/Scripts/SystemModules/SceneLoader.cs
  artifactKey: Guid(c77ffb650ed47c745b6eb115dde4c275) Importer(815301076,1909f56bfc062723c751e8b465ee728b)
Start importing Assets/Scripts/SystemModules/SceneLoader.cs using Guid(c77ffb650ed47c745b6eb115dde4c275) Importer(815301076,1909f56bfc062723c751e8b465ee728b)  -> (artifact id: '8bfcf8077f74998809133ccefc82dc59') in 0.001577 seconds 
  Import took 0.003481 seconds .

========================================================================
Received Prepare
Registering precompiled user dll's ...
Registered in 0.003758 seconds.
Begin MonoManager ReloadAssembly
Native extension for WindowsStandalone target not found
Refreshing native plugins compatible for Editor in 0.39 ms, found 2 plugins.
Preloading 0 native plugins for Editor in 0.00 ms.
Mono: successfully reloaded assembly
- Completed reload, in  0.758 seconds
Platform modules already initialized, skipping
Switching build target platform(19) subTarget(0) extendedPlatform(0) -> platform(13) subTarget(537395200) extendedPlatform(0)
Refreshing native plugins compatible for Editor in 0.29 ms, found 2 plugins.
Preloading 0 native plugins for Editor in 0.00 ms.
Unloading 1366 Unused Serialized files (Serialized files now loaded: 0)
System memory in use before: 67.9 MB.
System memory in use after: 67.9 MB.

Unloading 17 unused Assets to reduce memory usage. Loaded Objects now: 1860.
Total: 1.677300 ms (FindLiveObjects: 0.162100 ms CreateObjectMapping: 0.054500 ms MarkObjects: 1.418800 ms  DeleteObjects: 0.041200 ms)

AssetImportParameters requested are different than current active one (requested -> active):
  custom:framework-win-MediaFoundation: 216162199b28c13a410421893ffa2e32 -> 
  custom:video-decoder-ogg-theora: a1e56fd34408186e4bbccfd4996cb3dc -> 
  custom:container-muxer-webm: aa71ff27fc2769a1b78a27578f13a17b -> 
  custom:container-demuxer-webm: 4f35f7cbe854078d1ac9338744f61a02 -> 
  custom:container-demuxer-ogg: 62fdf1f143b41e24485cea50d1cbac27 -> 
  custom:video-encoder-webm-vp8: eb34c28f22e8b96e1ab97ce403110664 -> 
  custom:video-decoder-webm-vp8: 9c59270c3fd7afecdb556c50c9e8de78 -> 
  custom:graphics/normal-map-encoding: 01000000000000000000000000000000 -> 02000000000000000000000000000000
  custom:audio-decoder-ogg-vorbis: bf7c407c2cedff20999df2af8eb42d56 -> 
  custom:audio-encoder-webm-vorbis: bf7c407c2cedff20999df2af8eb42d56 -> 
========================================================================
Received Import Request.
  Time since last request: 138.404772 seconds.
  path: Assets/Scripts/SystemModules/SceneLoader.cs
  artifactKey: Guid(c77ffb650ed47c745b6eb115dde4c275) Importer(815301076,1909f56bfc062723c751e8b465ee728b)
Start importing Assets/Scripts/SystemModules/SceneLoader.cs using Guid(c77ffb650ed47c745b6eb115dde4c275) Importer(815301076,1909f56bfc062723c751e8b465ee728b)  -> (artifact id: '3555a6f7b91e0448190269eec3fa99c5') in 0.003292 seconds 
  Import took 0.005003 seconds .

========================================================================
Received Prepare
Registering precompiled user dll's ...
Registered in 0.003675 seconds.
Begin MonoManager ReloadAssembly
Native extension for WindowsStandalone target not found
Refreshing native plugins compatible for Editor in 0.32 ms, found 2 plugins.
Preloading 0 native plugins for Editor in 0.00 ms.
Mono: successfully reloaded assembly
- Completed reload, in  0.759 seconds
Platform modules already initialized, skipping
Switching build target platform(19) subTarget(0) extendedPlatform(0) -> platform(13) subTarget(537395200) extendedPlatform(0)
Refreshing native plugins compatible for Editor in 0.36 ms, found 2 plugins.
Preloading 0 native plugins for Editor in 0.00 ms.
Unloading 1366 Unused Serialized files (Serialized files now loaded: 0)
System memory in use before: 67.9 MB.
System memory in use after: 68.0 MB.

Unloading 17 unused Assets to reduce memory usage. Loaded Objects now: 1862.
Total: 1.693300 ms (FindLiveObjects: 0.148600 ms CreateObjectMapping: 0.038500 ms MarkObjects: 1.461100 ms  DeleteObjects: 0.044300 ms)

AssetImportParameters requested are different than current active one (requested -> active):
  custom:framework-win-MediaFoundation: 216162199b28c13a410421893ffa2e32 -> 
  custom:video-decoder-ogg-theora: a1e56fd34408186e4bbccfd4996cb3dc -> 
  custom:container-muxer-webm: aa71ff27fc2769a1b78a27578f13a17b -> 
  custom:container-demuxer-webm: 4f35f7cbe854078d1ac9338744f61a02 -> 
  custom:container-demuxer-ogg: 62fdf1f143b41e24485cea50d1cbac27 -> 
  custom:video-encoder-webm-vp8: eb34c28f22e8b96e1ab97ce403110664 -> 
  custom:video-decoder-webm-vp8: 9c59270c3fd7afecdb556c50c9e8de78 -> 
  custom:graphics/normal-map-encoding: 01000000000000000000000000000000 -> 02000000000000000000000000000000
  custom:audio-decoder-ogg-vorbis: bf7c407c2cedff20999df2af8eb42d56 -> 
  custom:audio-encoder-webm-vorbis: bf7c407c2cedff20999df2af8eb42d56 -> 
========================================================================
Received Import Request.
  Time since last request: 43.966920 seconds.
  path: Assets/Level/Scenes/MainMenu.unity
  artifactKey: Guid(bf73d18e4f6ec7844b2130f351841634) Importer(815301076,1909f56bfc062723c751e8b465ee728b)
Start importing Assets/Level/Scenes/MainMenu.unity using Guid(bf73d18e4f6ec7844b2130f351841634) Importer(815301076,1909f56bfc062723c751e8b465ee728b)  -> (artifact id: 'a906e00f3e862d019a5f246fdfbc7f71') in 0.008790 seconds 
  Import took 0.010757 seconds .

========================================================================
Received Import Request.
  Time since last request: 0.001457 seconds.
  path: Assets/Level/Scenes/MainMenu.unity
  artifactKey: Guid(bf73d18e4f6ec7844b2130f351841634) Importer(815301076,1909f56bfc062723c751e8b465ee728b)
Start importing Assets/Level/Scenes/MainMenu.unity using Guid(bf73d18e4f6ec7844b2130f351841634) Importer(815301076,1909f56bfc062723c751e8b465ee728b)  -> (artifact id: 'a906e00f3e862d019a5f246fdfbc7f71') in 0.001914 seconds 
  Import took 0.003799 seconds .

========================================================================
Received Import Request.
  Time since last request: 3.657608 seconds.
  path: Assets/Level/Scenes/RoomEnter.unity
  artifactKey: Guid(0fe4fc7f2f19a144b9ed8c6165c46a50) Importer(815301076,1909f56bfc062723c751e8b465ee728b)
Start importing Assets/Level/Scenes/RoomEnter.unity using Guid(0fe4fc7f2f19a144b9ed8c6165c46a50) Importer(815301076,1909f56bfc062723c751e8b465ee728b)  -> (artifact id: '6cc2b8118cbe79e0dd0a99a2055f1687') in 0.002026 seconds 
  Import took 0.004058 seconds .

========================================================================
Received Import Request.
  Time since last request: 76.014855 seconds.
  path: Assets/Audio/Music/A-Symphony-of-Disarray_GameMusicPack/0110_A-Symphony-of-Disarray_Loop-1_114bpm4-4_L24M.wav
  artifactKey: Guid(17ba4253fc7fd4ea7804dece25fb8f32) Importer(815301076,1909f56bfc062723c751e8b465ee728b)
Start importing Assets/Audio/Music/A-Symphony-of-Disarray_GameMusicPack/0110_A-Symphony-of-Disarray_Loop-1_114bpm4-4_L24M.wav using Guid(17ba4253fc7fd4ea7804dece25fb8f32) Importer(815301076,1909f56bfc062723c751e8b465ee728b)  -> (artifact id: '6685f826a06aac275baef32a7baa6449') in 0.032313 seconds 
  Import took 0.034843 seconds .

========================================================================
Received Import Request.
  Time since last request: 0.000202 seconds.
  path: Assets/Audio/Music/A-Symphony-of-Disarray_GameMusicPack/0111_A-Symphony-of-Disarray_Loop-2_128bpm4-4_L24M.wav
  artifactKey: Guid(b77acbb374058480dbeae07444542e03) Importer(815301076,1909f56bfc062723c751e8b465ee728b)
Start importing Assets/Audio/Music/A-Symphony-of-Disarray_GameMusicPack/0111_A-Symphony-of-Disarray_Loop-2_128bpm4-4_L24M.wav using Guid(b77acbb374058480dbeae07444542e03) Importer(815301076,1909f56bfc062723c751e8b465ee728b)  -> (artifact id: '6b78587b02395df0ec48e7a9c5a4e1e7') in 0.006073 seconds 
  Import took 0.007887 seconds .

========================================================================
Received Import Request.
  Time since last request: 0.000170 seconds.
  path: Assets/Audio/Music/A-Symphony-of-Disarray_GameMusicPack/0112_A-Symphony-of-Disarray_Loop-3_142bpm4-4_L24M.wav
  artifactKey: Guid(ae40a015c678644b0ac6139e22717c04) Importer(815301076,1909f56bfc062723c751e8b465ee728b)
Start importing Assets/Audio/Music/A-Symphony-of-Disarray_GameMusicPack/0112_A-Symphony-of-Disarray_Loop-3_142bpm4-4_L24M.wav using Guid(ae40a015c678644b0ac6139e22717c04) Importer(815301076,1909f56bfc062723c751e8b465ee728b)  -> (artifact id: 'ad6887391b8a5b4066195d7e76618e4e') in 0.005959 seconds 
  Import took 0.007934 seconds .

========================================================================
Received Import Request.
  Time since last request: 0.000145 seconds.
  path: Assets/Art/Models/JellyMonsters/Models/Materials/A.mat
  artifactKey: Guid(51e059b88ccfdbd4da7b850a98a9ec7c) Importer(815301076,1909f56bfc062723c751e8b465ee728b)
Start importing Assets/Art/Models/JellyMonsters/Models/Materials/A.mat using Guid(51e059b88ccfdbd4da7b850a98a9ec7c) Importer(815301076,1909f56bfc062723c751e8b465ee728b)  -> (artifact id: 'f32eb3223dd1c04810dafbd3889834cc') in 0.156399 seconds 
  Import took 0.158402 seconds .

========================================================================
Received Import Request.
  Time since last request: 0.000198 seconds.
  path: Assets/Audio/Music/A-Symphony-of-Disarray_GameMusicPack/0111_A-Symphony-of-Disarray_Loop-2_128bpm4-4_L24M.wav
  artifactKey: Guid(b77acbb374058480dbeae07444542e03) Importer(815301076,1909f56bfc062723c751e8b465ee728b)
Start importing Assets/Audio/Music/A-Symphony-of-Disarray_GameMusicPack/0111_A-Symphony-of-Disarray_Loop-2_128bpm4-4_L24M.wav using Guid(b77acbb374058480dbeae07444542e03) Importer(815301076,1909f56bfc062723c751e8b465ee728b)  -> (artifact id: '6b78587b02395df0ec48e7a9c5a4e1e7') in 0.007157 seconds 
  Import took 0.009102 seconds .

========================================================================
Received Import Request.
  Time since last request: 0.000162 seconds.
  path: Assets/Art/Models/JellyMonsters/Models/Materials/A.mat
  artifactKey: Guid(51e059b88ccfdbd4da7b850a98a9ec7c) Importer(815301076,1909f56bfc062723c751e8b465ee728b)
Start importing Assets/Art/Models/JellyMonsters/Models/Materials/A.mat using Guid(51e059b88ccfdbd4da7b850a98a9ec7c) Importer(815301076,1909f56bfc062723c751e8b465ee728b)  -> (artifact id: 'f32eb3223dd1c04810dafbd3889834cc') in 0.005963 seconds 
  Import took 0.007834 seconds .

========================================================================
Received Import Request.
  Time since last request: 0.000144 seconds.
  path: Assets/Audio/Music/A-Symphony-of-Disarray_GameMusicPack/0110_A-Symphony-of-Disarray_Loop-1_114bpm4-4_L24M.wav
  artifactKey: Guid(17ba4253fc7fd4ea7804dece25fb8f32) Importer(815301076,1909f56bfc062723c751e8b465ee728b)
Start importing Assets/Audio/Music/A-Symphony-of-Disarray_GameMusicPack/0110_A-Symphony-of-Disarray_Loop-1_114bpm4-4_L24M.wav using Guid(17ba4253fc7fd4ea7804dece25fb8f32) Importer(815301076,1909f56bfc062723c751e8b465ee728b)  -> (artifact id: '6685f826a06aac275baef32a7baa6449') in 0.004855 seconds 
  Import took 0.006671 seconds .

========================================================================
Received Prepare
Registering precompiled user dll's ...
Registered in 0.003479 seconds.
Begin MonoManager ReloadAssembly
Native extension for WindowsStandalone target not found
Refreshing native plugins compatible for Editor in 0.31 ms, found 2 plugins.
Preloading 0 native plugins for Editor in 0.00 ms.
Mono: successfully reloaded assembly
- Completed reload, in  0.755 seconds
Platform modules already initialized, skipping
Switching build target platform(19) subTarget(0) extendedPlatform(0) -> platform(13) subTarget(537395200) extendedPlatform(0)
Refreshing native plugins compatible for Editor in 0.30 ms, found 2 plugins.
Preloading 0 native plugins for Editor in 0.00 ms.
Unloading 1366 Unused Serialized files (Serialized files now loaded: 0)
System memory in use before: 68.0 MB.
System memory in use after: 68.1 MB.

Unloading 17 unused Assets to reduce memory usage. Loaded Objects now: 1867.
Total: 1.473100 ms (FindLiveObjects: 0.124400 ms CreateObjectMapping: 0.037100 ms MarkObjects: 1.270900 ms  DeleteObjects: 0.040100 ms)

AssetImportParameters requested are different than current active one (requested -> active):
  custom:framework-win-MediaFoundation: 216162199b28c13a410421893ffa2e32 -> 
  custom:video-decoder-ogg-theora: a1e56fd34408186e4bbccfd4996cb3dc -> 
  custom:container-muxer-webm: aa71ff27fc2769a1b78a27578f13a17b -> 
  custom:container-demuxer-webm: 4f35f7cbe854078d1ac9338744f61a02 -> 
  custom:container-demuxer-ogg: 62fdf1f143b41e24485cea50d1cbac27 -> 
  custom:video-encoder-webm-vp8: eb34c28f22e8b96e1ab97ce403110664 -> 
  custom:video-decoder-webm-vp8: 9c59270c3fd7afecdb556c50c9e8de78 -> 
  custom:graphics/normal-map-encoding: 01000000000000000000000000000000 -> 02000000000000000000000000000000
  custom:audio-decoder-ogg-vorbis: bf7c407c2cedff20999df2af8eb42d56 -> 
  custom:audio-encoder-webm-vorbis: bf7c407c2cedff20999df2af8eb42d56 -> 
========================================================================
Received Prepare
Registering precompiled user dll's ...
Registered in 0.004278 seconds.
Begin MonoManager ReloadAssembly
Native extension for WindowsStandalone target not found
Refreshing native plugins compatible for Editor in 0.32 ms, found 2 plugins.
Preloading 0 native plugins for Editor in 0.00 ms.
Mono: successfully reloaded assembly
- Completed reload, in  0.771 seconds
Platform modules already initialized, skipping
Switching build target platform(19) subTarget(0) extendedPlatform(0) -> platform(13) subTarget(537395200) extendedPlatform(0)
Refreshing native plugins compatible for Editor in 0.30 ms, found 2 plugins.
Preloading 0 native plugins for Editor in 0.00 ms.
Unloading 1366 Unused Serialized files (Serialized files now loaded: 0)
System memory in use before: 68.0 MB.
System memory in use after: 68.1 MB.

Unloading 17 unused Assets to reduce memory usage. Loaded Objects now: 1869.
Total: 1.555400 ms (FindLiveObjects: 0.149900 ms CreateObjectMapping: 0.042000 ms MarkObjects: 1.322100 ms  DeleteObjects: 0.040700 ms)

AssetImportParameters requested are different than current active one (requested -> active):
  custom:framework-win-MediaFoundation: 216162199b28c13a410421893ffa2e32 -> 
  custom:video-decoder-ogg-theora: a1e56fd34408186e4bbccfd4996cb3dc -> 
  custom:container-muxer-webm: aa71ff27fc2769a1b78a27578f13a17b -> 
  custom:container-demuxer-webm: 4f35f7cbe854078d1ac9338744f61a02 -> 
  custom:container-demuxer-ogg: 62fdf1f143b41e24485cea50d1cbac27 -> 
  custom:video-encoder-webm-vp8: eb34c28f22e8b96e1ab97ce403110664 -> 
  custom:video-decoder-webm-vp8: 9c59270c3fd7afecdb556c50c9e8de78 -> 
  custom:graphics/normal-map-encoding: 01000000000000000000000000000000 -> 02000000000000000000000000000000
  custom:audio-decoder-ogg-vorbis: bf7c407c2cedff20999df2af8eb42d56 -> 
  custom:audio-encoder-webm-vorbis: bf7c407c2cedff20999df2af8eb42d56 -> 
========================================================================
Received Import Request.
  Time since last request: 242.430572 seconds.
  path: Assets/Scripts/SystemModules
  artifactKey: Guid(7cddd69b7c91e3f42b96292e7891b62e) Importer(815301076,1909f56bfc062723c751e8b465ee728b)
Start importing Assets/Scripts/SystemModules using Guid(7cddd69b7c91e3f42b96292e7891b62e) Importer(815301076,1909f56bfc062723c751e8b465ee728b)  -> (artifact id: '3e49428ed8846598fc636cb6da75bd86') in 0.004570 seconds 
  Import took 0.006821 seconds .

========================================================================
Received Import Request.
  Time since last request: 19.412414 seconds.
  path: Assets/Scripts/SystemModules/SceneSwitch.cs
  artifactKey: Guid(6321f9cf903d17a49ba08564ab243627) Importer(815301076,1909f56bfc062723c751e8b465ee728b)
Start importing Assets/Scripts/SystemModules/SceneSwitch.cs using Guid(6321f9cf903d17a49ba08564ab243627) Importer(815301076,1909f56bfc062723c751e8b465ee728b)  -> (artifact id: '10b3964643d6cb59cf6ee7feca5f0878') in 0.001990 seconds 
  Import took 0.004180 seconds .

========================================================================
Received Prepare
Registering precompiled user dll's ...
Registered in 0.004113 seconds.
Begin MonoManager ReloadAssembly
Native extension for WindowsStandalone target not found
Refreshing native plugins compatible for Editor in 0.33 ms, found 2 plugins.
Preloading 0 native plugins for Editor in 0.00 ms.
Mono: successfully reloaded assembly
- Completed reload, in  0.833 seconds
Platform modules already initialized, skipping
Switching build target platform(19) subTarget(0) extendedPlatform(0) -> platform(13) subTarget(537395200) extendedPlatform(0)
Refreshing native plugins compatible for Editor in 0.29 ms, found 2 plugins.
Preloading 0 native plugins for Editor in 0.00 ms.
Unloading 1367 Unused Serialized files (Serialized files now loaded: 0)
System memory in use before: 68.0 MB.
System memory in use after: 68.1 MB.

Unloading 17 unused Assets to reduce memory usage. Loaded Objects now: 1872.
Total: 1.825800 ms (FindLiveObjects: 0.120300 ms CreateObjectMapping: 0.036500 ms MarkObjects: 1.501500 ms  DeleteObjects: 0.166800 ms)

AssetImportParameters requested are different than current active one (requested -> active):
  custom:framework-win-MediaFoundation: 216162199b28c13a410421893ffa2e32 -> 
  custom:video-decoder-ogg-theora: a1e56fd34408186e4bbccfd4996cb3dc -> 
  custom:container-muxer-webm: aa71ff27fc2769a1b78a27578f13a17b -> 
  custom:container-demuxer-webm: 4f35f7cbe854078d1ac9338744f61a02 -> 
  custom:container-demuxer-ogg: 62fdf1f143b41e24485cea50d1cbac27 -> 
  custom:video-encoder-webm-vp8: eb34c28f22e8b96e1ab97ce403110664 -> 
  custom:video-decoder-webm-vp8: 9c59270c3fd7afecdb556c50c9e8de78 -> 
  custom:graphics/normal-map-encoding: 01000000000000000000000000000000 -> 02000000000000000000000000000000
  custom:audio-decoder-ogg-vorbis: bf7c407c2cedff20999df2af8eb42d56 -> 
  custom:audio-encoder-webm-vorbis: bf7c407c2cedff20999df2af8eb42d56 -> 
========================================================================
Received Prepare
Registering precompiled user dll's ...
Registered in 0.003769 seconds.
Begin MonoManager ReloadAssembly
Native extension for WindowsStandalone target not found
Refreshing native plugins compatible for Editor in 0.31 ms, found 2 plugins.
Preloading 0 native plugins for Editor in 0.00 ms.
Mono: successfully reloaded assembly
- Completed reload, in  0.786 seconds
Platform modules already initialized, skipping
Switching build target platform(19) subTarget(0) extendedPlatform(0) -> platform(13) subTarget(537395200) extendedPlatform(0)
Refreshing native plugins compatible for Editor in 0.27 ms, found 2 plugins.
Preloading 0 native plugins for Editor in 0.00 ms.
Unloading 1367 Unused Serialized files (Serialized files now loaded: 0)
System memory in use before: 68.0 MB.
System memory in use after: 68.1 MB.

Unloading 17 unused Assets to reduce memory usage. Loaded Objects now: 1874.
Total: 1.450800 ms (FindLiveObjects: 0.118800 ms CreateObjectMapping: 0.035500 ms MarkObjects: 1.257500 ms  DeleteObjects: 0.038300 ms)

AssetImportParameters requested are different than current active one (requested -> active):
  custom:framework-win-MediaFoundation: 216162199b28c13a410421893ffa2e32 -> 
  custom:video-decoder-ogg-theora: a1e56fd34408186e4bbccfd4996cb3dc -> 
  custom:container-muxer-webm: aa71ff27fc2769a1b78a27578f13a17b -> 
  custom:container-demuxer-webm: 4f35f7cbe854078d1ac9338744f61a02 -> 
  custom:container-demuxer-ogg: 62fdf1f143b41e24485cea50d1cbac27 -> 
  custom:video-encoder-webm-vp8: eb34c28f22e8b96e1ab97ce403110664 -> 
  custom:video-decoder-webm-vp8: 9c59270c3fd7afecdb556c50c9e8de78 -> 
  custom:graphics/normal-map-encoding: 01000000000000000000000000000000 -> 02000000000000000000000000000000
  custom:audio-decoder-ogg-vorbis: bf7c407c2cedff20999df2af8eb42d56 -> 
  custom:audio-encoder-webm-vorbis: bf7c407c2cedff20999df2af8eb42d56 -> 
========================================================================
Received Import Request.
  Time since last request: 227.881228 seconds.
  path: Assets/Scripts/SystemModules/SceneSwitch.cs
  artifactKey: Guid(6321f9cf903d17a49ba08564ab243627) Importer(815301076,1909f56bfc062723c751e8b465ee728b)
Start importing Assets/Scripts/SystemModules/SceneSwitch.cs using Guid(6321f9cf903d17a49ba08564ab243627) Importer(815301076,1909f56bfc062723c751e8b465ee728b)  -> (artifact id: '9436016a0ed9ae15453e8b91a9042507') in 0.003223 seconds 
  Import took 0.004839 seconds .

========================================================================
Received Prepare
Registering precompiled user dll's ...
Registered in 0.003556 seconds.
Begin MonoManager ReloadAssembly
Native extension for WindowsStandalone target not found
Refreshing native plugins compatible for Editor in 0.30 ms, found 2 plugins.
Preloading 0 native plugins for Editor in 0.00 ms.
Mono: successfully reloaded assembly
- Completed reload, in  0.802 seconds
Platform modules already initialized, skipping
Switching build target platform(19) subTarget(0) extendedPlatform(0) -> platform(13) subTarget(537395200) extendedPlatform(0)
Refreshing native plugins compatible for Editor in 0.30 ms, found 2 plugins.
Preloading 0 native plugins for Editor in 0.00 ms.
Unloading 1367 Unused Serialized files (Serialized files now loaded: 0)
System memory in use before: 68.0 MB.
System memory in use after: 68.1 MB.

Unloading 17 unused Assets to reduce memory usage. Loaded Objects now: 1876.
Total: 1.510100 ms (FindLiveObjects: 0.127800 ms CreateObjectMapping: 0.043100 ms MarkObjects: 1.296500 ms  DeleteObjects: 0.041900 ms)

AssetImportParameters requested are different than current active one (requested -> active):
  custom:framework-win-MediaFoundation: 216162199b28c13a410421893ffa2e32 -> 
  custom:video-decoder-ogg-theora: a1e56fd34408186e4bbccfd4996cb3dc -> 
  custom:container-muxer-webm: aa71ff27fc2769a1b78a27578f13a17b -> 
  custom:container-demuxer-webm: 4f35f7cbe854078d1ac9338744f61a02 -> 
  custom:container-demuxer-ogg: 62fdf1f143b41e24485cea50d1cbac27 -> 
  custom:video-encoder-webm-vp8: eb34c28f22e8b96e1ab97ce403110664 -> 
  custom:video-decoder-webm-vp8: 9c59270c3fd7afecdb556c50c9e8de78 -> 
  custom:graphics/normal-map-encoding: 01000000000000000000000000000000 -> 02000000000000000000000000000000
  custom:audio-decoder-ogg-vorbis: bf7c407c2cedff20999df2af8eb42d56 -> 
  custom:audio-encoder-webm-vorbis: bf7c407c2cedff20999df2af8eb42d56 -> 
========================================================================
Received Prepare
Registering precompiled user dll's ...
Registered in 0.003537 seconds.
Begin MonoManager ReloadAssembly
Native extension for WindowsStandalone target not found
Refreshing native plugins compatible for Editor in 0.33 ms, found 2 plugins.
Preloading 0 native plugins for Editor in 0.00 ms.
Mono: successfully reloaded assembly
- Completed reload, in  0.825 seconds
Platform modules already initialized, skipping
Switching build target platform(19) subTarget(0) extendedPlatform(0) -> platform(13) subTarget(537395200) extendedPlatform(0)
Refreshing native plugins compatible for Editor in 0.35 ms, found 2 plugins.
Preloading 0 native plugins for Editor in 0.00 ms.
Unloading 1367 Unused Serialized files (Serialized files now loaded: 0)
System memory in use before: 68.0 MB.
System memory in use after: 68.1 MB.

Unloading 17 unused Assets to reduce memory usage. Loaded Objects now: 1878.
Total: 1.477400 ms (FindLiveObjects: 0.132600 ms CreateObjectMapping: 0.038000 ms MarkObjects: 1.260700 ms  DeleteObjects: 0.045200 ms)

AssetImportParameters requested are different than current active one (requested -> active):
  custom:framework-win-MediaFoundation: 216162199b28c13a410421893ffa2e32 -> 
  custom:video-decoder-ogg-theora: a1e56fd34408186e4bbccfd4996cb3dc -> 
  custom:container-muxer-webm: aa71ff27fc2769a1b78a27578f13a17b -> 
  custom:container-demuxer-webm: 4f35f7cbe854078d1ac9338744f61a02 -> 
  custom:container-demuxer-ogg: 62fdf1f143b41e24485cea50d1cbac27 -> 
  custom:video-encoder-webm-vp8: eb34c28f22e8b96e1ab97ce403110664 -> 
  custom:video-decoder-webm-vp8: 9c59270c3fd7afecdb556c50c9e8de78 -> 
  custom:graphics/normal-map-encoding: 01000000000000000000000000000000 -> 02000000000000000000000000000000
  custom:audio-decoder-ogg-vorbis: bf7c407c2cedff20999df2af8eb42d56 -> 
  custom:audio-encoder-webm-vorbis: bf7c407c2cedff20999df2af8eb42d56 -> 
========================================================================
Received Import Request.
  Time since last request: 110.124076 seconds.
  path: Assets/Level/Scenes/MainMenu.unity
  artifactKey: Guid(bf73d18e4f6ec7844b2130f351841634) Importer(815301076,1909f56bfc062723c751e8b465ee728b)
Start importing Assets/Level/Scenes/MainMenu.unity using Guid(bf73d18e4f6ec7844b2130f351841634) Importer(815301076,1909f56bfc062723c751e8b465ee728b)  -> (artifact id: '0f8337d1c60d0d8f7d7824e4cd5873ef') in 0.009609 seconds 
  Import took 0.011634 seconds .

========================================================================
Received Prepare
Registering precompiled user dll's ...
Registered in 0.003465 seconds.
Begin MonoManager ReloadAssembly
Native extension for WindowsStandalone target not found
Refreshing native plugins compatible for Editor in 0.32 ms, found 2 plugins.
Preloading 0 native plugins for Editor in 0.00 ms.
Mono: successfully reloaded assembly
- Completed reload, in  0.785 seconds
Platform modules already initialized, skipping
Switching build target platform(19) subTarget(0) extendedPlatform(0) -> platform(13) subTarget(537395200) extendedPlatform(0)
Refreshing native plugins compatible for Editor in 0.27 ms, found 2 plugins.
Preloading 0 native plugins for Editor in 0.00 ms.
Unloading 1367 Unused Serialized files (Serialized files now loaded: 0)
System memory in use before: 68.0 MB.
System memory in use after: 68.1 MB.

Unloading 17 unused Assets to reduce memory usage. Loaded Objects now: 1880.
Total: 1.489800 ms (FindLiveObjects: 0.129000 ms CreateObjectMapping: 0.040800 ms MarkObjects: 1.283000 ms  DeleteObjects: 0.036100 ms)

AssetImportParameters requested are different than current active one (requested -> active):
  custom:framework-win-MediaFoundation: 216162199b28c13a410421893ffa2e32 -> 
  custom:video-decoder-ogg-theora: a1e56fd34408186e4bbccfd4996cb3dc -> 
  custom:container-muxer-webm: aa71ff27fc2769a1b78a27578f13a17b -> 
  custom:container-demuxer-webm: 4f35f7cbe854078d1ac9338744f61a02 -> 
  custom:container-demuxer-ogg: 62fdf1f143b41e24485cea50d1cbac27 -> 
  custom:video-encoder-webm-vp8: eb34c28f22e8b96e1ab97ce403110664 -> 
  custom:video-decoder-webm-vp8: 9c59270c3fd7afecdb556c50c9e8de78 -> 
  custom:graphics/normal-map-encoding: 01000000000000000000000000000000 -> 02000000000000000000000000000000
  custom:audio-decoder-ogg-vorbis: bf7c407c2cedff20999df2af8eb42d56 -> 
  custom:audio-encoder-webm-vorbis: bf7c407c2cedff20999df2af8eb42d56 -> 
========================================================================
Received Prepare
Registering precompiled user dll's ...
Registered in 0.003613 seconds.
Begin MonoManager ReloadAssembly
Native extension for WindowsStandalone target not found
Refreshing native plugins compatible for Editor in 0.32 ms, found 2 plugins.
Preloading 0 native plugins for Editor in 0.00 ms.
Mono: successfully reloaded assembly
- Completed reload, in  0.791 seconds
Platform modules already initialized, skipping
Switching build target platform(19) subTarget(0) extendedPlatform(0) -> platform(13) subTarget(537395200) extendedPlatform(0)
Refreshing native plugins compatible for Editor in 0.27 ms, found 2 plugins.
Preloading 0 native plugins for Editor in 0.00 ms.
Unloading 1367 Unused Serialized files (Serialized files now loaded: 0)
System memory in use before: 68.1 MB.
System memory in use after: 68.1 MB.

Unloading 17 unused Assets to reduce memory usage. Loaded Objects now: 1882.
Total: 1.442700 ms (FindLiveObjects: 0.121800 ms CreateObjectMapping: 0.036900 ms MarkObjects: 1.247400 ms  DeleteObjects: 0.036000 ms)

AssetImportParameters requested are different than current active one (requested -> active):
  custom:framework-win-MediaFoundation: 216162199b28c13a410421893ffa2e32 -> 
  custom:video-decoder-ogg-theora: a1e56fd34408186e4bbccfd4996cb3dc -> 
  custom:container-muxer-webm: aa71ff27fc2769a1b78a27578f13a17b -> 
  custom:container-demuxer-webm: 4f35f7cbe854078d1ac9338744f61a02 -> 
  custom:container-demuxer-ogg: 62fdf1f143b41e24485cea50d1cbac27 -> 
  custom:video-encoder-webm-vp8: eb34c28f22e8b96e1ab97ce403110664 -> 
  custom:video-decoder-webm-vp8: 9c59270c3fd7afecdb556c50c9e8de78 -> 
  custom:graphics/normal-map-encoding: 01000000000000000000000000000000 -> 02000000000000000000000000000000
  custom:audio-decoder-ogg-vorbis: bf7c407c2cedff20999df2af8eb42d56 -> 
  custom:audio-encoder-webm-vorbis: bf7c407c2cedff20999df2af8eb42d56 -> 
AssetImportWorkerClient::OnTransportError - code=2 error=End of file
